<?xml version="1.0" encoding="UTF-8"?>
<!-- Generated by org.testng.reporters.JUnitXMLReporter -->
<testsuite ignored="2" hostname="DESKTOP-GA3FTFK" failures="0" tests="1" name="Tes3" time="9.029" errors="0" timestamp="2023-01-30T10:38:01 IST">
  <testcase classname="selenium.testng.TestClass3" name="c" time="9.023"/>
  <testcase classname="selenium.testng.TestClass3" name="a" time="0.0">
    <ignored/>
  </testcase> <!-- a -->
  <testcase classname="selenium.testng.TestClass3" name="b" time="0.0">
    <ignored/>
  </testcase> <!-- b -->
</testsuite> <!-- Tes3 -->
