<?xml version="1.0" encoding="UTF-8"?>
<!-- Generated by org.testng.reporters.JUnitXMLReporter -->
<testsuite ignored="2" hostname="DESKTOP-GA3FTFK" failures="0" tests="1" name="Test2" time="9.076" errors="0" timestamp="2023-01-30T10:37:52 IST">
  <testcase classname="selenium.testng.TestClass2" name="b" time="9.073"/>
  <testcase classname="selenium.testng.TestClass2" name="c" time="0.0">
    <ignored/>
  </testcase> <!-- c -->
  <testcase classname="selenium.testng.TestClass2" name="a" time="0.0">
    <ignored/>
  </testcase> <!-- a -->
</testsuite> <!-- Test2 -->
