<?xml version="1.0" encoding="UTF-8"?>
<!-- Generated by org.testng.reporters.JUnitXMLReporter -->
<testsuite ignored="1" hostname="DESKTOP-GA3FTFK" failures="0" tests="2" name="Test1" time="21.29" errors="0" timestamp="2023-01-30T10:37:42 IST">
  <testcase classname="selenium.testng.TestClass" name="b" time="12.355"/>
  <testcase classname="selenium.testng.TestClass" name="c" time="8.855"/>
  <testcase classname="selenium.testng.TestClass" name="a" time="0.0">
    <ignored/>
  </testcase> <!-- a -->
</testsuite> <!-- Test1 -->
