<?xml version="1.0" encoding="UTF-8"?>
<testng-results ignored="0" total="1" passed="1" failed="0" skipped="0">
  <reporter-output>
  </reporter-output>
  <suite started-at="2023-02-02T22:26:05 IST" name="Default suite" finished-at="2023-02-02T22:26:30 IST" duration-ms="25035">
    <groups>
    </groups>
    <test started-at="2023-02-02T22:26:05 IST" name="Default test" finished-at="2023-02-02T22:26:30 IST" duration-ms="25035">
      <class name="jsscriptexecutor.JSAlertClass">
        <test-method signature="webTableinChrome1()[pri:0, instance:jsscriptexecutor.JSAlertClass@7d0b7e3c]" started-at="2023-02-02T22:26:05 IST" name="webTableinChrome1" finished-at="2023-02-02T22:26:30 IST" duration-ms="24922" status="PASS">
          <reporter-output>
          </reporter-output>
        </test-method> <!-- webTableinChrome1 -->
      </class> <!-- jsscriptexecutor.JSAlertClass -->
    </test> <!-- Default test -->
  </suite> <!-- Default suite -->
</testng-results>
