<?xml version="1.0" encoding="UTF-8"?>
<!-- Generated by org.testng.reporters.JUnitXMLReporter -->
<testsuite ignored="0" hostname="DESKTOP-GA3FTFK" failures="0" tests="3" name="Test2" time="3.461" errors="0" timestamp="2023-02-01T10:21:29 IST">
  <testcase classname="selenium.testngannotations.AnnotationClass2" name="test1" time="0.015"/>
  <testcase classname="selenium.testngannotations.AnnotationClass2" name="test2" time="0.015"/>
  <testcase classname="selenium.testngannotations.AnnotationClass2" name="test3" time="0.005"/>
</testsuite> <!-- Test2 -->
