<?xml version="1.0" encoding="UTF-8"?>
<!-- Generated by org.testng.reporters.JUnitXMLReporter -->
<testsuite ignored="1" hostname="DESKTOP-GA3FTFK" failures="0" tests="2" name="Test1" time="5.695" errors="0" timestamp="2023-02-01T10:21:25 IST">
  <testcase classname="selenium.testngannotations.AnnotationClass1" name="test1" time="0.019"/>
  <testcase classname="selenium.testngannotations.AnnotationClass1" name="test2" time="0.011"/>
  <testcase classname="selenium.testngannotations.AnnotationClass1" name="test3" time="0.0">
    <ignored/>
  </testcase> <!-- test3 -->
</testsuite> <!-- Test1 -->
