<?xml version="1.0" encoding="UTF-8"?>
<!-- Generated by org.testng.reporters.JUnitXMLReporter -->
<testsuite ignored="0" hostname="DESKTOP-GA3FTFK" failures="0" tests="3" name="Test" time="0.133" errors="0" timestamp="2023-02-01T09:50:23 IST">
  <testcase classname="selenium.testngannotations.AnnotationClass" name="test1" time="0.01"/>
  <testcase classname="selenium.testngannotations.AnnotationClass" name="test2" time="0.002"/>
  <testcase classname="selenium.testngannotations.AnnotationClass" name="test3" time="0.003"/>
</testsuite> <!-- Test -->
