<?xml version="1.0" encoding="UTF-8"?>
<!-- Generated by org.testng.reporters.JUnitXMLReporter -->
<testsuite ignored="0" hostname="DESKTOP-GA3FTFK" failures="0" tests="4" name="Test4" time="4.335" errors="0" timestamp="2023-01-27T11:10:43 IST">
  <testcase classname="selenium.testng.TestTestNG" name="test1" time="0.015"/>
  <testcase classname="selenium.testng.TestTestNG" name="test2" time="0.016"/>
  <testcase classname="selenium.testng.TestTestNG" name="test3" time="0.02"/>
  <testcase classname="selenium.testng.TestTestNG" name="test4" time="0.012"/>
</testsuite> <!-- Test4 -->
