<?xml version="1.0" encoding="UTF-8"?>
<!-- Generated by org.testng.reporters.JUnitXMLReporter -->
<testsuite ignored="0" hostname="DESKTOP-GA3FTFK" failures="0" tests="4" name="Test3" time="7.759" errors="0" timestamp="2023-01-27T11:15:10 IST">
  <testcase classname="selenium.testng.TestTestNG" name="test1" time="0.098"/>
  <testcase classname="selenium.testng.TestTestNG" name="test2" time="0.063"/>
  <testcase classname="selenium.testng.TestTestNG" name="test3" time="0.032"/>
  <testcase classname="selenium.testng.TestTestNG" name="test4" time="0.033"/>
</testsuite> <!-- Test3 -->
